<?xml version="1.0" encoding="UTF-8"?>
<!-- Generated by org.testng.reporters.JUnitReportReporter -->
<testsuite hostname="BANLWR9135DV1" failures="0" tests="10" name="cucumberOptions.TestNGRunner" time="0.201" errors="0" timestamp="2024-09-24T16:40:29 IST" skipped="0">
  <testcase classname="cucumberOptions.TestNGRunner" name="runScenario" time="0.012"/>
  <system-out/>
  <testcase classname="cucumberOptions.TestNGRunner" name="runScenario" time="0.010"/>
  <system-out/>
  <testcase classname="cucumberOptions.TestNGRunner" name="runScenario" time="0.009"/>
  <system-out/>
  <testcase classname="cucumberOptions.TestNGRunner" name="runScenario" time="0.008"/>
  <system-out/>
  <testcase classname="cucumberOptions.TestNGRunner" name="runScenario" time="0.007"/>
  <system-out/>
  <testcase classname="cucumberOptions.TestNGRunner" name="runScenario" time="0.096"/>
  <system-out/>
  <testcase classname="cucumberOptions.TestNGRunner" name="runScenario" time="0.022"/>
  <system-out/>
  <testcase classname="cucumberOptions.TestNGRunner" name="runScenario" time="0.020"/>
  <system-out/>
  <testcase classname="cucumberOptions.TestNGRunner" name="runScenario" time="0.011"/>
  <system-out/>
  <testcase classname="cucumberOptions.TestNGRunner" name="runScenario" time="0.006"/>
  <system-out/>
</testsuite> <!-- cucumberOptions.TestNGRunner -->
